\BOOKMARK [1][-]{section.1}{Descripci\363n de situaciones reales}{}% 1
\BOOKMARK [1][-]{section.2}{Algoritmo Exacto}{}% 2
\BOOKMARK [2][-]{subsection.2.1}{Algoritmo}{section.2}% 3
\BOOKMARK [2][-]{subsection.2.2}{An\341lisis de complejidad}{section.2}% 4
\BOOKMARK [2][-]{subsection.2.3}{Experimentaci\363n y Resultados}{section.2}% 5
\BOOKMARK [3][-]{subsubsection.2.3.1}{Grafos al azar}{subsection.2.3}% 6
\BOOKMARK [3][-]{subsubsection.2.3.2}{Grafos densos}{subsection.2.3}% 7
\BOOKMARK [3][-]{subsubsection.2.3.3}{G y H complementos}{subsection.2.3}% 8
\BOOKMARK [1][-]{section.3}{Heur\355stica Constructiva Golosa}{}% 9
\BOOKMARK [2][-]{subsection.3.1}{Algoritmo}{section.3}% 10
\BOOKMARK [2][-]{subsection.3.2}{An\341lisis de complejidad}{section.3}% 11
\BOOKMARK [2][-]{subsection.3.3}{Experimentaci\363n y Resultados}{section.3}% 12
\BOOKMARK [3][-]{subsubsection.3.3.1}{Grafos al azar}{subsection.3.3}% 13
\BOOKMARK [3][-]{subsubsection.3.3.2}{Grafos densos}{subsection.3.3}% 14
\BOOKMARK [3][-]{subsubsection.3.3.3}{G y H complementos}{subsection.3.3}% 15
\BOOKMARK [1][-]{section.4}{Heur\355stica de B\372squeda Local}{}% 16
\BOOKMARK [2][-]{subsection.4.1}{Algoritmo}{section.4}% 17
\BOOKMARK [2][-]{subsection.4.2}{An\341lisis de complejidad}{section.4}% 18
\BOOKMARK [2][-]{subsection.4.3}{Experimentaci\363n y Resultados}{section.4}% 19
\BOOKMARK [1][-]{section.5}{Metaheur\355stica de Grasp}{}% 20
\BOOKMARK [2][-]{subsection.5.1}{Algoritmo}{section.5}% 21
\BOOKMARK [2][-]{subsection.5.2}{An\341lisis de complejidad}{section.5}% 22
\BOOKMARK [2][-]{subsection.5.3}{Experimentaci\363n y Resultados}{section.5}% 23
\BOOKMARK [1][-]{section.6}{Experimentaci\363n General}{}% 24
