\BOOKMARK [1][-]{section.1}{Problema 1: Mutaciones bacteriales}{}% 1
\BOOKMARK [2][-]{subsection.1.1}{Introducci\363n}{section.1}% 2
\BOOKMARK [2][-]{subsection.1.2}{Desarrollo}{section.1}% 3
\BOOKMARK [2][-]{subsection.1.3}{Algoritmo}{section.1}% 4
\BOOKMARK [3][-]{subsubsection.1.3.1}{Correctitud}{subsection.1.3}% 5
\BOOKMARK [3][-]{subsubsection.1.3.2}{An\341lisis de complejidad}{subsection.1.3}% 6
\BOOKMARK [2][-]{subsection.1.4}{Pruebas}{section.1}% 7
\BOOKMARK [2][-]{subsection.1.5}{Conclusiones}{section.1}% 8
\BOOKMARK [1][-]{section.2}{Problema 2: Reconfiguraci\363n de rutas}{}% 9
\BOOKMARK [2][-]{subsection.2.1}{Introducci\363n}{section.2}% 10
\BOOKMARK [2][-]{subsection.2.2}{Desarrollo}{section.2}% 11
\BOOKMARK [3][-]{subsubsection.2.2.1}{Correctitud}{subsection.2.2}% 12
\BOOKMARK [3][-]{subsubsection.2.2.2}{An\341lisis de complejidad}{subsection.2.2}% 13
\BOOKMARK [2][-]{subsection.2.3}{Resultados}{section.2}% 14
\BOOKMARK [2][-]{subsection.2.4}{Conclusiones}{section.2}% 15
\BOOKMARK [1][-]{section.3}{Problema 3: Laboratorio farmacol\363gico}{}% 16
\BOOKMARK [2][-]{subsection.3.1}{Introducci\363n}{section.3}% 17
\BOOKMARK [2][-]{subsection.3.2}{Desarrollo}{section.3}% 18
\BOOKMARK [2][-]{subsection.3.3}{Algoritmo}{section.3}% 19
\BOOKMARK [3][-]{subsubsection.3.3.1}{Correctitud}{subsection.3.3}% 20
\BOOKMARK [3][-]{subsubsection.3.3.2}{An\341lisis de Complejidad}{subsection.3.3}% 21
\BOOKMARK [2][-]{subsection.3.4}{Pruebas y Resultados}{section.3}% 22
\BOOKMARK [2][-]{subsection.3.5}{Conclusiones}{section.3}% 23
